TN:
SF:common.js
FN:3,BufferToArrayBuffer
FN:7,toArrayBuffer
FN:16,fix_assertion_types
FNF:3
FNH:3
FNDA:82,BufferToArrayBuffer
FNDA:95,toArrayBuffer
FNDA:13,fix_assertion_types
DA:4,82
DA:8,95
DA:9,95
DA:10,82
DA:12,13
DA:17,13
DA:18,13
DA:19,13
DA:20,13
DA:21,13
LF:10
LH:10
BRDA:9,0,0,82
BRDA:9,0,1,13
BRF:2
BRH:2
end_of_record
TN:
SF:cred.js
FN:10,toArray
FN:21,(anonymous_1)
FN:25,(anonymous_2)
FN:36,(anonymous_3)
FN:37,(anonymous_4)
FN:44,(anonymous_5)
FN:61,make_challenge
FN:73,verify_challenge
FN:101,(anonymous_8)
FN:128,(anonymous_9)
FN:157,(anonymous_10)
FNF:11
FNH:11
FNDA:141,toArray
FNDA:8,(anonymous_1)
FNDA:13,(anonymous_2)
FNDA:40,(anonymous_3)
FNDA:40,(anonymous_4)
FNDA:4,(anonymous_5)
FNDA:33,make_challenge
FNDA:19,verify_challenge
FNDA:33,(anonymous_8)
FNDA:13,(anonymous_9)
FNDA:7,(anonymous_10)
DA:8,1
DA:11,141
DA:12,141
DA:13,108
DA:14,108
DA:15,33
DA:18,141
DA:22,8
DA:23,8
DA:25,13
DA:26,8
DA:27,8
DA:29,8
DA:30,8
DA:32,8
DA:33,8
DA:34,8
DA:35,8
DA:36,8
DA:37,40
DA:38,40
DA:41,8
DA:43,8
DA:45,4
DA:50,8
DA:51,9
DA:52,8
DA:53,8
DA:58,8
DA:59,8
DA:62,33
DA:64,33
DA:74,19
DA:75,19
DA:76,19
DA:77,19
DA:82,19
DA:83,2
DA:85,17
DA:86,1
DA:88,16
DA:89,1
DA:91,15
DA:93,4
DA:94,4
DA:98,8
DA:99,13
DA:101,13
DA:102,33
DA:103,33
DA:104,16
DA:105,16
DA:106,16
DA:107,16
DA:108,16
DA:113,16
DA:114,16
DA:116,17
DA:117,17
DA:118,17
DA:119,17
DA:120,17
DA:128,13
DA:129,13
DA:130,13
DA:131,10
DA:132,10
DA:133,10
DA:135,10
DA:136,10
DA:145,1
DA:146,1
DA:148,9
DA:149,9
DA:153,8
DA:154,8
DA:157,13
DA:158,7
DA:159,7
DA:160,1
DA:161,1
DA:162,1
DA:164,6
DA:165,6
DA:166,5
DA:167,5
DA:171,5
DA:180,5
DA:181,5
DA:185,2
DA:186,2
DA:188,3
LF:92
LH:92
BRDA:11,0,0,66
BRDA:11,0,1,75
BRDA:12,1,0,108
BRDA:12,1,1,33
BRDA:14,2,0,33
BRDA:14,2,1,75
BRDA:22,3,0,8
BRDA:27,4,0,8
BRDA:27,4,1,8
BRDA:29,5,0,8
BRDA:51,6,0,8
BRDA:51,6,1,1
BRDA:82,7,0,2
BRDA:82,7,1,17
BRDA:85,8,0,1
BRDA:85,8,1,16
BRDA:88,9,0,1
BRDA:88,9,1,15
BRDA:103,10,0,16
BRDA:103,10,1,17
BRDA:159,11,0,1
BRDA:159,11,1,6
BRF:22
BRH:22
end_of_record
TN:
SF:index.js
FNF:0
FNH:0
DA:2,1
DA:3,1
LF:2
LH:2
BRF:0
BRH:0
end_of_record
TN:
SF:perk.js
FN:11,compile
FN:15,(anonymous_1)
FN:19,(anonymous_2)
FN:20,(anonymous_3)
FN:26,(anonymous_4)
FN:34,(anonymous_5)
FN:46,(anonymous_6)
FN:50,(anonymous_7)
FNF:8
FNH:8
FNDA:6,compile
FNDA:6,(anonymous_1)
FNDA:8,(anonymous_2)
FNDA:8,(anonymous_3)
FNDA:1,(anonymous_4)
FNDA:8,(anonymous_5)
FNDA:8,(anonymous_6)
FNDA:8,(anonymous_7)
DA:9,1
DA:12,6
DA:16,6
DA:17,6
DA:19,6
DA:20,8
DA:21,8
DA:25,6
DA:27,1
DA:31,6
DA:32,6
DA:34,6
DA:35,8
DA:44,8
DA:45,8
DA:46,8
DA:47,8
DA:50,6
DA:51,8
DA:52,8
DA:54,8
DA:62,8
DA:72,8
DA:73,8
DA:75,1
DA:76,1
DA:78,7
DA:79,1
DA:80,1
DA:81,1
DA:83,6
LF:31
LH:31
BRDA:12,0,0,5
BRDA:12,0,1,1
BRDA:16,1,0,6
BRDA:17,2,0,6
BRDA:31,3,0,6
BRDA:31,3,1,6
BRDA:32,4,0,6
BRDA:32,4,1,6
BRDA:78,5,0,1
BRDA:78,5,1,6
BRDA:78,6,0,7
BRDA:78,6,1,6
BRF:12
BRH:12
end_of_record
TN:
SF:plugin.js
FN:8,(anonymous_0)
FN:17,(anonymous_1)
FN:23,(anonymous_2)
FNF:3
FNH:3
FNDA:8,(anonymous_0)
FNDA:7,(anonymous_1)
FNDA:6,(anonymous_2)
DA:6,1
DA:9,8
DA:11,8
DA:20,8
DA:21,8
DA:23,8
DA:24,6
DA:25,6
DA:26,6
DA:29,8
DA:34,8
DA:39,8
DA:44,8
LF:13
LH:13
BRDA:9,0,0,8
BRDA:9,0,1,2
BRF:2
BRH:2
end_of_record
