TN:
SF:common.js
FN:3,hash_id
FN:8,(anonymous_1)
FNF:2
FNH:2
FNDA:25,hash_id
FNDA:3,(anonymous_1)
DA:4,25
DA:9,3
DA:10,3
LF:3
LH:3
BRF:0
BRH:0
end_of_record
TN:
SF:cred.js
FN:8,(anonymous_0)
FN:31,(anonymous_1)
FN:32,(anonymous_2)
FN:42,make_secret_session_data
FN:54,verify_secret_session_data
FN:101,(anonymous_5)
FN:124,(anonymous_6)
FN:144,(anonymous_7)
FNF:8
FNH:8
FNDA:10,(anonymous_0)
FNDA:47,(anonymous_1)
FNDA:47,(anonymous_2)
FNDA:40,make_secret_session_data
FNDA:22,verify_secret_session_data
FNDA:40,(anonymous_5)
FNDA:16,(anonymous_6)
FNDA:7,(anonymous_7)
DA:4,1
DA:18,10
DA:28,10
DA:29,10
DA:30,10
DA:31,10
DA:32,47
DA:33,47
DA:36,10
DA:39,10
DA:40,10
DA:43,40
DA:45,40
DA:55,22
DA:56,22
DA:61,22
DA:62,2
DA:64,20
DA:65,1
DA:67,19
DA:68,1
DA:70,18
DA:72,4
DA:73,4
DA:78,10
DA:79,10
DA:80,10
DA:81,15
DA:82,15
DA:83,15
DA:87,10
DA:88,12
DA:89,11
DA:90,11
DA:94,10
DA:95,15
DA:97,15
DA:101,15
DA:102,40
DA:103,40
DA:104,19
DA:108,19
DA:109,19
DA:115,21
DA:116,21
DA:124,15
DA:125,16
DA:128,13
DA:129,13
DA:132,1
DA:133,1
DA:135,12
DA:138,12
DA:139,11
DA:140,11
DA:141,11
DA:144,15
DA:145,7
DA:146,7
DA:147,1
DA:149,6
DA:152,5
DA:153,5
DA:156,2
DA:157,2
DA:159,3
DA:160,1
DA:165,2
LF:68
LH:68
BRDA:61,0,0,2
BRDA:61,0,1,20
BRDA:64,1,0,1
BRDA:64,1,1,19
BRDA:67,2,0,1
BRDA:67,2,1,18
BRDA:88,3,0,11
BRDA:88,3,1,1
BRDA:97,4,0,15
BRDA:97,4,1,15
BRDA:103,5,0,19
BRDA:103,5,1,21
BRDA:146,6,0,1
BRDA:146,6,1,6
BRDA:159,7,0,1
BRDA:159,7,1,2
BRF:16
BRH:16
end_of_record
TN:
SF:perk.js
FN:12,compile
FN:16,(anonymous_1)
FN:25,(anonymous_2)
FN:36,(anonymous_3)
FN:37,(anonymous_4)
FN:52,(anonymous_5)
FN:64,(anonymous_6)
FN:68,(anonymous_7)
FNF:8
FNH:8
FNDA:8,compile
FNDA:8,(anonymous_1)
FNDA:1,(anonymous_2)
FNDA:12,(anonymous_3)
FNDA:12,(anonymous_4)
FNDA:12,(anonymous_5)
FNDA:12,(anonymous_6)
FNDA:12,(anonymous_7)
DA:6,1
DA:10,1
DA:13,8
DA:24,8
DA:26,1
DA:30,8
DA:31,8
DA:32,8
DA:33,10
DA:36,8
DA:37,12
DA:38,12
DA:39,2
DA:41,10
DA:42,10
DA:43,1
DA:45,9
DA:49,8
DA:50,8
DA:52,8
DA:53,12
DA:62,12
DA:63,12
DA:64,12
DA:65,12
DA:68,8
DA:70,12
DA:71,12
DA:73,3
DA:74,3
DA:76,9
DA:77,1
DA:79,8
LF:33
LH:33
BRDA:13,0,0,7
BRDA:13,0,1,1
BRDA:38,1,0,2
BRDA:38,1,1,10
BRDA:42,2,0,1
BRDA:42,2,1,9
BRDA:49,3,0,8
BRDA:49,3,1,8
BRDA:50,4,0,8
BRDA:50,4,1,8
BRDA:76,5,0,1
BRDA:76,5,1,8
BRDA:76,6,0,9
BRDA:76,6,1,8
BRF:14
BRH:14
end_of_record
TN:
SF:plugin.js
FN:8,(anonymous_0)
FN:25,(anonymous_1)
FN:26,(anonymous_2)
FN:35,(anonymous_3)
FN:43,(anonymous_4)
FN:44,(anonymous_5)
FNF:6
FNH:6
FNDA:10,(anonymous_0)
FNDA:2,(anonymous_1)
FNDA:11,(anonymous_2)
FNDA:10,(anonymous_3)
FNDA:15,(anonymous_4)
FNDA:15,(anonymous_5)
DA:6,1
DA:9,10
DA:11,10
DA:19,10
DA:27,11
DA:28,11
DA:32,10
DA:33,10
DA:35,10
DA:36,10
DA:39,10
DA:40,10
DA:42,10
DA:43,15
DA:44,15
DA:47,10
DA:49,10
DA:54,10
DA:61,10
LF:19
LH:19
BRDA:9,0,0,10
BRDA:9,0,1,2
BRDA:44,1,0,1
BRDA:44,1,1,14
BRF:4
BRH:4
end_of_record
